0 info it worked if it ends with ok
1 verbose cli [ 'C:\\Program Files (x86)\\nodejs\\node.exe',
1 verbose cli   'C:\\Users\\srikak\\AppData\\Roaming\\npm\\node_modules\\npm\\bin\\npm-cli.js',
1 verbose cli   'run',
1 verbose cli   'coverage' ]
2 info using npm@3.8.5
3 info using node@v6.2.1
4 verbose run-script [ 'precoverage', 'coverage', 'postcoverage' ]
5 info lifecycle sp-display-templates@1.0.0~precoverage: sp-display-templates@1.0.0
6 silly lifecycle sp-display-templates@1.0.0~precoverage: no script for precoverage, continuing
7 info lifecycle sp-display-templates@1.0.0~coverage: sp-display-templates@1.0.0
8 verbose lifecycle sp-display-templates@1.0.0~coverage: unsafe-perm in lifecycle true
9 verbose lifecycle sp-display-templates@1.0.0~coverage: PATH: C:\Users\srikak\AppData\Roaming\npm\node_modules\npm\bin\node-gyp-bin;C:\O365-JS-Dev\DisplayTemplates\node_modules\.bin;C:\Program Files (x86)\nodejs;C:\cmder\bin;C:\cmder\vendor\conemu-maximus5\ConEmu\Scripts;C:\cmder\vendor\conemu-maximus5;C:\cmder\vendor\conemu-maximus5\ConEmu;C:\Program Files (x86)\RSA SecurID Token Common;C:\ProgramData\Oracle\Java\javapath;C:\windows\system32;C:\windows;C:\windows\System32\Wbem;C:\Program Files (x86)\Common Files\EMC\;C:\Program Files (x86)\Heroku\bin;C:\Program Files (x86)\git\cmd;C:\Program Files (x86)\CloudFoundry;C:\Program Files (x86)\Windows Kits\10\Windows Performance Toolkit\;C:\Program Files\Git\cmd;C:\Program Files\Microsoft\Web Platform Installer\;C:\Program Files\Microsoft SQL Server\110\Tools\Binn\;C:\Program Files (x86)\Microsoft SDKs\TypeScript\1.0\;C:\Program Files (x86)\GitExtensions\;C:\windows\System32\WindowsPowerShell\v1.0\;C:\Program Files\Microsoft SQL Server\120\Tools\Binn\;C:\opscode\chefdk\bin\;C:\Go\bin;C:\Program Files\Microsoft SQL Server\130\Tools\Binn\;C:\Program Files\dotnet\;C:\Program Files (x86)\nodejs\;C:\Program Files (x86)\Git\cmd;C:\cmder;C:\Users\srikak\AppData\Local\Programs\Python\Python35-32\Scripts\;C:\Users\srikak\AppData\Local\Programs\Python\Python35-32\;C:\Users\srikak\.dnx\bin;C:\Program Files (x86)\Microsoft VS Code\bin;C:\Program Files\MongoDB\Server\3.2\bin;C:\Users\srikak\AppData\Roaming\npm;C:\cmder;C:\Program Files (x86)\Git\usr\bin;C:\Program Files (x86)\Git\usr\share\vim\vim74;C:\cmder\
10 verbose lifecycle sp-display-templates@1.0.0~coverage: CWD: C:\O365-JS-Dev\DisplayTemplates
11 silly lifecycle sp-display-templates@1.0.0~coverage: Args: [ '/d /s /c', 'SET NODE_ENV=coverage&&karma start' ]
12 silly lifecycle sp-display-templates@1.0.0~coverage: Returned: code: 1  signal: null
13 info lifecycle sp-display-templates@1.0.0~coverage: Failed to exec coverage script
14 verbose stack Error: sp-display-templates@1.0.0 coverage: `SET NODE_ENV=coverage&&karma start`
14 verbose stack Exit status 1
14 verbose stack     at EventEmitter.<anonymous> (C:\Users\srikak\AppData\Roaming\npm\node_modules\npm\lib\utils\lifecycle.js:239:16)
14 verbose stack     at emitTwo (events.js:106:13)
14 verbose stack     at EventEmitter.emit (events.js:191:7)
14 verbose stack     at ChildProcess.<anonymous> (C:\Users\srikak\AppData\Roaming\npm\node_modules\npm\lib\utils\spawn.js:24:14)
14 verbose stack     at emitTwo (events.js:106:13)
14 verbose stack     at ChildProcess.emit (events.js:191:7)
14 verbose stack     at maybeClose (internal/child_process.js:852:16)
14 verbose stack     at Process.ChildProcess._handle.onexit (internal/child_process.js:215:5)
15 verbose pkgid sp-display-templates@1.0.0
16 verbose cwd C:\O365-JS-Dev\DisplayTemplates
17 error Windows_NT 6.1.7601
18 error argv "C:\\Program Files (x86)\\nodejs\\node.exe" "C:\\Users\\srikak\\AppData\\Roaming\\npm\\node_modules\\npm\\bin\\npm-cli.js" "run" "coverage"
19 error node v6.2.1
20 error npm  v3.8.5
21 error code ELIFECYCLE
22 error sp-display-templates@1.0.0 coverage: `SET NODE_ENV=coverage&&karma start`
22 error Exit status 1
23 error Failed at the sp-display-templates@1.0.0 coverage script 'SET NODE_ENV=coverage&&karma start'.
23 error Make sure you have the latest version of node.js and npm installed.
23 error If you do, this is most likely a problem with the sp-display-templates package,
23 error not with npm itself.
23 error Tell the author that this fails on your system:
23 error     SET NODE_ENV=coverage&&karma start
23 error You can get information on how to open an issue for this project with:
23 error     npm bugs sp-display-templates
23 error Or if that isn't available, you can get their info via:
23 error     npm owner ls sp-display-templates
23 error There is likely additional logging output above.
24 verbose exit [ 1, true ]
